<?xml version="1.0" encoding="UTF-8"?>
<!-- Generated by org.testng.reporters.JUnitXMLReporter -->
<testsuite ignored="0" hostname="Badal-pc" failures="0" tests="4" name="Test" time="10.923" errors="0" timestamp="2025-03-29T02:37:30 IST">
  <testcase classname="Bpack.TwoTest" name="mTwo" time="0.012"/>
  <testcase classname="Bpack.FourTest" name="mFour" time="0.002"/>
  <testcase classname="Bpack.ThreeTest" name="mThree" time="0.002"/>
  <testcase classname="Bpack.OneTest" name="mOne" time="10.666"/>
</testsuite> <!-- Test -->
