<?xml version="1.0" encoding="UTF-8"?>
<testng-results ignored="0" total="4" passed="4" failed="0" skipped="0">
  <reporter-output>
  </reporter-output>
  <suite started-at="2025-03-29T02:37:19 IST" name="Suite" finished-at="2025-03-29T02:37:29 IST" duration-ms="10923">
    <groups>
    </groups>
    <test started-at="2025-03-29T02:37:19 IST" name="Test" finished-at="2025-03-29T02:37:29 IST" duration-ms="10923">
      <class name="Bpack.FourTest">
        <test-method signature="mFour()[pri:0, instance:Bpack.FourTest@51399530]" started-at="2025-03-29T02:37:19 IST" name="mFour" finished-at="2025-03-29T02:37:19 IST" duration-ms="2" status="PASS">
          <reporter-output>
          </reporter-output>
        </test-method> <!-- mFour -->
      </class> <!-- Bpack.FourTest -->
      <class name="Bpack.OneTest">
        <test-method signature="mOne()[pri:0, instance:Bpack.OneTest@28701274]" started-at="2025-03-29T02:37:19 IST" name="mOne" finished-at="2025-03-29T02:37:29 IST" duration-ms="10666" status="PASS">
          <reporter-output>
          </reporter-output>
        </test-method> <!-- mOne -->
        <test-method is-config="true" signature="Closure()[pri:0, instance:Bpack.OneTest@28701274]" started-at="2025-03-29T02:37:29 IST" name="Closure" finished-at="2025-03-29T02:37:29 IST" duration-ms="170" status="PASS">
          <reporter-output>
          </reporter-output>
        </test-method> <!-- Closure -->
      </class> <!-- Bpack.OneTest -->
      <class name="Bpack.TwoTest">
        <test-method signature="mTwo()[pri:0, instance:Bpack.TwoTest@443118b0]" started-at="2025-03-29T02:37:19 IST" name="mTwo" finished-at="2025-03-29T02:37:19 IST" duration-ms="12" status="PASS">
          <reporter-output>
          </reporter-output>
        </test-method> <!-- mTwo -->
      </class> <!-- Bpack.TwoTest -->
      <class name="Bpack.ThreeTest">
        <test-method signature="mThree()[pri:0, instance:Bpack.ThreeTest@6b2ea799]" started-at="2025-03-29T02:37:19 IST" name="mThree" finished-at="2025-03-29T02:37:19 IST" duration-ms="2" status="PASS">
          <reporter-output>
          </reporter-output>
        </test-method> <!-- mThree -->
      </class> <!-- Bpack.ThreeTest -->
    </test> <!-- Test -->
  </suite> <!-- Suite -->
</testng-results>
